<?xml version="1.0" encoding="UTF-8"?>
<testsuite name="com.nowcoder.InitDatabaseTests" time="2.208" tests="2" errors="1" skipped="0" failures="0">
  <properties>
[...]
</properties>
  <testcase name="contextLoads" classname="com.nowcoder.InitDatabaseTests" time="1.101">
    <error message="Could not get a resource from the pool" type="redis.clients.jedis.exceptions.JedisConnectionException">redis.clients.jedis.exceptions.JedisConnectionException: Could not get a resource from the pool
	at java.net.PlainSocketImpl.socketConnect(Native Method)
	at java.net.AbstractPlainSocketImpl.doConnect(AbstractPlainSocketImpl.java:350)
	at java.net.AbstractPlainSocketImpl.connectToAddress(AbstractPlainSocketImpl.java:206)
	at java.net.AbstractPlainSocketImpl.connect(AbstractPlainSocketImpl.java:188)
	at java.net.SocksSocketImpl.connect(SocksSocketImpl.java:392)
	at java.net.Socket.connect(Socket.java:589)
	at redis.clients.jedis.Connection.connect(Connection.java:158)
	at redis.clients.jedis.BinaryClient.connect(BinaryClient.java:80)
	at redis.clients.jedis.BinaryJedis.connect(BinaryJedis.java:1676)
	at redis.clients.jedis.JedisFactory.makeObject(JedisFactory.java:87)
	at org.apache.commons.pool2.impl.GenericObjectPool.create(GenericObjectPool.java:868)
	at org.apache.commons.pool2.impl.GenericObjectPool.borrowObject(GenericObjectPool.java:435)
	at org.apache.commons.pool2.impl.GenericObjectPool.borrowObject(GenericObjectPool.java:363)
	at redis.clients.util.Pool.getResource(Pool.java:48)
	at redis.clients.jedis.JedisPool.getResource(JedisPool.java:99)
	at com.nowcoder.util.JedisAdapter.getJedis(JedisAdapter.java:321)
	at com.nowcoder.InitDatabaseTests.contextLoads(InitDatabaseTests.java:44)
</error>
    <system-out><![CDATA[23:14:21.354 [main] DEBUG org.springframework.test.context.junit4.SpringJUnit4ClassRunner - SpringJUnit4ClassRunner constructor called with [class com.nowcoder.InitDatabaseTests]
23:14:21.376 [main] DEBUG org.springframework.test.context.BootstrapUtils - Instantiating CacheAwareContextLoaderDelegate from class [org.springframework.test.context.cache.DefaultCacheAwareContextLoaderDelegate]
23:14:21.397 [main] DEBUG org.springframework.test.context.BootstrapUtils - Instantiating BootstrapContext using constructor [public org.springframework.test.context.support.DefaultBootstrapContext(java.lang.Class,org.springframework.test.context.CacheAwareContextLoaderDelegate)]
23:14:21.567 [main] DEBUG org.springframework.test.context.BootstrapUtils - Instantiating TestContextBootstrapper for test class [com.nowcoder.InitDatabaseTests] from class [org.springframework.test.context.support.DefaultTestContextBootstrapper]
23:14:21.736 [main] DEBUG org.springframework.test.context.support.DefaultTestContextBootstrapper - Found explicit ContextLoader class [org.springframework.boot.test.SpringApplicationContextLoader] for context configuration attributes [ContextConfigurationAttributes@464bee09 declaringClass = 'com.nowcoder.InitDatabaseTests', classes = '{class com.nowcoder.WendaApplication}', locations = '{}', inheritLocations = true, initializers = '{}', inheritInitializers = true, name = [null], contextLoaderClass = 'org.springframework.boot.test.SpringApplicationContextLoader']
23:14:21.795 [main] DEBUG org.springframework.test.context.support.AbstractContextLoader - Did not detect default resource location for test class [com.nowcoder.InitDatabaseTests]: class path resource [com/nowcoder/InitDatabaseTests-context.xml] does not exist
23:14:21.795 [main] DEBUG org.springframework.test.context.support.AbstractContextLoader - Did not detect default resource location for test class [com.nowcoder.InitDatabaseTests]: class path resource [com/nowcoder/InitDatabaseTestsContext.groovy] does not exist
23:14:21.799 [main] INFO org.springframework.test.context.support.AbstractContextLoader - Could not detect default resource locations for test class [com.nowcoder.InitDatabaseTests]: no resource found for suffixes {-context.xml, Context.groovy}.
23:14:21.805 [main] DEBUG org.springframework.test.context.support.ActiveProfilesUtils - Could not find an 'annotation declaring class' for annotation type [org.springframework.test.context.ActiveProfiles] and class [com.nowcoder.InitDatabaseTests]
23:14:21.867 [main] DEBUG org.springframework.test.context.support.DefaultTestContextBootstrapper - @TestExecutionListeners is not present for class [com.nowcoder.InitDatabaseTests]: using defaults.
23:14:21.942 [main] INFO org.springframework.test.context.support.DefaultTestContextBootstrapper - Loaded default TestExecutionListener class names from location [META-INF/spring.factories]: [org.springframework.test.context.web.ServletTestExecutionListener, org.springframework.test.context.support.DirtiesContextBeforeModesTestExecutionListener, org.springframework.test.context.support.DependencyInjectionTestExecutionListener, org.springframework.test.context.support.DirtiesContextTestExecutionListener, org.springframework.test.context.transaction.TransactionalTestExecutionListener, org.springframework.test.context.jdbc.SqlScriptsTestExecutionListener]
23:14:22.053 [main] INFO org.springframework.test.context.support.DefaultTestContextBootstrapper - Using TestExecutionListeners: [org.springframework.test.context.web.ServletTestExecutionListener@4f063c0a, org.springframework.test.context.support.DirtiesContextBeforeModesTestExecutionListener@1e6d1014, org.springframework.test.context.support.DependencyInjectionTestExecutionListener@76707e36, org.springframework.test.context.support.DirtiesContextTestExecutionListener@614ddd49, org.springframework.test.context.transaction.TransactionalTestExecutionListener@1f554b06, org.springframework.test.context.jdbc.SqlScriptsTestExecutionListener@694e1548]
23:14:22.056 [main] DEBUG org.springframework.test.context.junit4.SpringJUnit4ClassRunner - SpringJUnit4ClassRunner constructor called with [class com.nowcoder.WendaApplicationTests]
23:14:22.060 [main] DEBUG org.springframework.test.context.BootstrapUtils - Instantiating CacheAwareContextLoaderDelegate from class [org.springframework.test.context.cache.DefaultCacheAwareContextLoaderDelegate]
23:14:22.072 [main] DEBUG org.springframework.test.context.BootstrapUtils - Instantiating BootstrapContext using constructor [public org.springframework.test.context.support.DefaultBootstrapContext(java.lang.Class,org.springframework.test.context.CacheAwareContextLoaderDelegate)]
23:14:22.119 [main] DEBUG org.springframework.test.context.BootstrapUtils - Instantiating TestContextBootstrapper for test class [com.nowcoder.WendaApplicationTests] from class [org.springframework.test.context.web.WebTestContextBootstrapper]
23:14:22.128 [main] DEBUG org.springframework.test.context.web.WebTestContextBootstrapper - Found explicit ContextLoader class [org.springframework.boot.test.SpringApplicationContextLoader] for context configuration attributes [ContextConfigurationAttributes@51cdd8a declaringClass = 'com.nowcoder.WendaApplicationTests', classes = '{class com.nowcoder.WendaApplication}', locations = '{}', inheritLocations = true, initializers = '{}', inheritInitializers = true, name = [null], contextLoaderClass = 'org.springframework.boot.test.SpringApplicationContextLoader']
23:14:22.130 [main] DEBUG org.springframework.test.context.support.AbstractContextLoader - Did not detect default resource location for test class [com.nowcoder.WendaApplicationTests]: class path resource [com/nowcoder/WendaApplicationTests-context.xml] does not exist
23:14:22.131 [main] DEBUG org.springframework.test.context.support.AbstractContextLoader - Did not detect default resource location for test class [com.nowcoder.WendaApplicationTests]: class path resource [com/nowcoder/WendaApplicationTestsContext.groovy] does not exist
23:14:22.147 [main] INFO org.springframework.test.context.support.AbstractContextLoader - Could not detect default resource locations for test class [com.nowcoder.WendaApplicationTests]: no resource found for suffixes {-context.xml, Context.groovy}.
23:14:22.148 [main] DEBUG org.springframework.test.context.support.ActiveProfilesUtils - Could not find an 'annotation declaring class' for annotation type [org.springframework.test.context.ActiveProfiles] and class [com.nowcoder.WendaApplicationTests]
23:14:22.162 [main] DEBUG org.springframework.test.context.web.WebTestContextBootstrapper - @TestExecutionListeners is not present for class [com.nowcoder.WendaApplicationTests]: using defaults.
23:14:22.201 [main] INFO org.springframework.test.context.web.WebTestContextBootstrapper - Loaded default TestExecutionListener class names from location [META-INF/spring.factories]: [org.springframework.test.context.web.ServletTestExecutionListener, org.springframework.test.context.support.DirtiesContextBeforeModesTestExecutionListener, org.springframework.test.context.support.DependencyInjectionTestExecutionListener, org.springframework.test.context.support.DirtiesContextTestExecutionListener, org.springframework.test.context.transaction.TransactionalTestExecutionListener, org.springframework.test.context.jdbc.SqlScriptsTestExecutionListener]
23:14:22.205 [main] INFO org.springframework.test.context.web.WebTestContextBootstrapper - Using TestExecutionListeners: [org.springframework.test.context.web.ServletTestExecutionListener@1e965684, org.springframework.test.context.support.DirtiesContextBeforeModesTestExecutionListener@4d95d2a2, org.springframework.test.context.support.DependencyInjectionTestExecutionListener@53f65459, org.springframework.test.context.support.DirtiesContextTestExecutionListener@3b088d51, org.springframework.test.context.transaction.TransactionalTestExecutionListener@1786dec2, org.springframework.test.context.jdbc.SqlScriptsTestExecutionListener@74650e52]
23:14:22.234 [main] DEBUG org.springframework.test.annotation.ProfileValueUtils - Retrieved @ProfileValueSourceConfiguration [null] for test class [com.nowcoder.InitDatabaseTests]
23:14:22.235 [main] DEBUG org.springframework.test.annotation.ProfileValueUtils - Retrieved ProfileValueSource type [class org.springframework.test.annotation.SystemProfileValueSource] for class [com.nowcoder.InitDatabaseTests]
23:14:22.236 [main] DEBUG org.springframework.test.annotation.ProfileValueUtils - Retrieved @ProfileValueSourceConfiguration [null] for test class [com.nowcoder.WendaApplicationTests]
23:14:22.237 [main] DEBUG org.springframework.test.annotation.ProfileValueUtils - Retrieved ProfileValueSource type [class org.springframework.test.annotation.SystemProfileValueSource] for class [com.nowcoder.WendaApplicationTests]
23:14:22.244 [main] DEBUG org.springframework.test.context.junit4.SpringJUnit4ClassRunner - SpringJUnit4ClassRunner constructor called with [class com.nowcoder.InitDatabaseTests]
23:14:22.246 [main] DEBUG org.springframework.test.context.BootstrapUtils - Instantiating CacheAwareContextLoaderDelegate from class [org.springframework.test.context.cache.DefaultCacheAwareContextLoaderDelegate]
23:14:22.248 [main] DEBUG org.springframework.test.context.BootstrapUtils - Instantiating BootstrapContext using constructor [public org.springframework.test.context.support.DefaultBootstrapContext(java.lang.Class,org.springframework.test.context.CacheAwareContextLoaderDelegate)]
23:14:22.251 [main] DEBUG org.springframework.test.context.BootstrapUtils - Instantiating TestContextBootstrapper for test class [com.nowcoder.InitDatabaseTests] from class [org.springframework.test.context.support.DefaultTestContextBootstrapper]
23:14:22.254 [main] DEBUG org.springframework.test.context.support.DefaultTestContextBootstrapper - Found explicit ContextLoader class [org.springframework.boot.test.SpringApplicationContextLoader] for context configuration attributes [ContextConfigurationAttributes@458c1321 declaringClass = 'com.nowcoder.InitDatabaseTests', classes = '{class com.nowcoder.WendaApplication}', locations = '{}', inheritLocations = true, initializers = '{}', inheritInitializers = true, name = [null], contextLoaderClass = 'org.springframework.boot.test.SpringApplicationContextLoader']
23:14:22.254 [main] DEBUG org.springframework.test.context.support.AbstractContextLoader - Did not detect default resource location for test class [com.nowcoder.InitDatabaseTests]: class path resource [com/nowcoder/InitDatabaseTests-context.xml] does not exist
23:14:22.255 [main] DEBUG org.springframework.test.context.support.AbstractContextLoader - Did not detect default resource location for test class [com.nowcoder.InitDatabaseTests]: class path resource [com/nowcoder/InitDatabaseTestsContext.groovy] does not exist
23:14:22.255 [main] INFO org.springframework.test.context.support.AbstractContextLoader - Could not detect default resource locations for test class [com.nowcoder.InitDatabaseTests]: no resource found for suffixes {-context.xml, Context.groovy}.
23:14:22.257 [main] DEBUG org.springframework.test.context.support.ActiveProfilesUtils - Could not find an 'annotation declaring class' for annotation type [org.springframework.test.context.ActiveProfiles] and class [com.nowcoder.InitDatabaseTests]
23:14:22.258 [main] DEBUG org.springframework.test.context.support.DefaultTestContextBootstrapper - @TestExecutionListeners is not present for class [com.nowcoder.InitDatabaseTests]: using defaults.
23:14:22.263 [main] INFO org.springframework.test.context.support.DefaultTestContextBootstrapper - Loaded default TestExecutionListener class names from location [META-INF/spring.factories]: [org.springframework.test.context.web.ServletTestExecutionListener, org.springframework.test.context.support.DirtiesContextBeforeModesTestExecutionListener, org.springframework.test.context.support.DependencyInjectionTestExecutionListener, org.springframework.test.context.support.DirtiesContextTestExecutionListener, org.springframework.test.context.transaction.TransactionalTestExecutionListener, org.springframework.test.context.jdbc.SqlScriptsTestExecutionListener]
23:14:22.265 [main] INFO org.springframework.test.context.support.DefaultTestContextBootstrapper - Using TestExecutionListeners: [org.springframework.test.context.web.ServletTestExecutionListener@2f943d71, org.springframework.test.context.support.DirtiesContextBeforeModesTestExecutionListener@80503, org.springframework.test.context.support.DependencyInjectionTestExecutionListener@4b553d26, org.springframework.test.context.support.DirtiesContextTestExecutionListener@69a3d1d, org.springframework.test.context.transaction.TransactionalTestExecutionListener@86be70a, org.springframework.test.context.jdbc.SqlScriptsTestExecutionListener@480bdb19]
23:14:22.266 [main] DEBUG org.springframework.test.annotation.ProfileValueUtils - Retrieved @ProfileValueSourceConfiguration [null] for test class [com.nowcoder.InitDatabaseTests]
23:14:22.266 [main] DEBUG org.springframework.test.annotation.ProfileValueUtils - Retrieved ProfileValueSource type [class org.springframework.test.annotation.SystemProfileValueSource] for class [com.nowcoder.InitDatabaseTests]
23:14:22.275 [main] DEBUG org.springframework.test.annotation.ProfileValueUtils - Retrieved @ProfileValueSourceConfiguration [null] for test class [com.nowcoder.InitDatabaseTests]
23:14:22.275 [main] DEBUG org.springframework.test.annotation.ProfileValueUtils - Retrieved ProfileValueSource type [class org.springframework.test.annotation.SystemProfileValueSource] for class [com.nowcoder.InitDatabaseTests]
23:14:22.278 [main] DEBUG org.springframework.test.context.support.AbstractDirtiesContextTestExecutionListener - Before test class: context [DefaultTestContext@2173f6d9 testClass = InitDatabaseTests, testInstance = [null], testMethod = [null], testException = [null], mergedContextConfiguration = [MergedContextConfiguration@307f6b8c testClass = InitDatabaseTests, locations = '{}', classes = '{class com.nowcoder.WendaApplication}', contextInitializerClasses = '[]', activeProfiles = '{}', propertySourceLocations = '{}', propertySourceProperties = '{}', contextLoader = 'org.springframework.boot.test.SpringApplicationContextLoader', parent = [null]]], class annotated with @DirtiesContext [false] with mode [null].
23:14:22.280 [main] DEBUG org.springframework.test.annotation.ProfileValueUtils - Retrieved @ProfileValueSourceConfiguration [null] for test class [com.nowcoder.InitDatabaseTests]
23:14:22.280 [main] DEBUG org.springframework.test.annotation.ProfileValueUtils - Retrieved ProfileValueSource type [class org.springframework.test.annotation.SystemProfileValueSource] for class [com.nowcoder.InitDatabaseTests]
23:14:22.285 [main] DEBUG org.springframework.test.context.support.DependencyInjectionTestExecutionListener - Performing dependency injection for test context [[DefaultTestContext@2173f6d9 testClass = InitDatabaseTests, testInstance = com.nowcoder.InitDatabaseTests@3d921e20, testMethod = [null], testException = [null], mergedContextConfiguration = [MergedContextConfiguration@307f6b8c testClass = InitDatabaseTests, locations = '{}', classes = '{class com.nowcoder.WendaApplication}', contextInitializerClasses = '[]', activeProfiles = '{}', propertySourceLocations = '{}', propertySourceProperties = '{}', contextLoader = 'org.springframework.boot.test.SpringApplicationContextLoader', parent = [null]]]].
23:14:22.835 [main] DEBUG org.springframework.core.env.StandardEnvironment - Adding [systemProperties] PropertySource with lowest search precedence
23:14:22.839 [main] DEBUG org.springframework.core.env.StandardEnvironment - Adding [systemEnvironment] PropertySource with lowest search precedence
23:14:22.839 [main] DEBUG org.springframework.core.env.StandardEnvironment - Initialized StandardEnvironment with PropertySources [systemProperties,systemEnvironment]
23:14:22.844 [main] DEBUG org.springframework.core.env.StandardEnvironment - Adding [integrationTest] PropertySource with search precedence immediately lower than [systemEnvironment]

  .   ____          _            __ _ _
 /\\ / ___'_ __ _ _(_)_ __  __ _ \ \ \ \
( ( )\___ | '_ | '_| | '_ \/ _` | \ \ \ \
 \\/  ___)| |_)| | | | | || (_| |  ) ) ) )
  '  |____| .__|_| |_|_| |_\__, | / / / /
 =========|_|==============|___/=/_/_/_/
 :: Spring Boot ::        (v1.3.6.RELEASE)

2020-10-14 23:14:24.523  INFO 38672 --- [           main] com.nowcoder.InitDatabaseTests           : Starting InitDatabaseTests on zsydeMacBook-Pro.local with PID 38672 (/Users/zsy/Downloads/wenda3/target/test-classes started by zsy in /Users/zsy/Downloads/wenda3)
2020-10-14 23:14:24.525  INFO 38672 --- [           main] com.nowcoder.InitDatabaseTests           : No active profile set, falling back to default profiles: default
2020-10-14 23:14:24.889  INFO 38672 --- [           main] s.c.a.AnnotationConfigApplicationContext : Refreshing org.springframework.context.annotation.AnnotationConfigApplicationContext@22555ebf: startup date [Wed Oct 14 23:14:24 CST 2020]; root of context hierarchy
2020-10-14 23:14:35.392 ERROR 38672 --- [       Thread-2] com.nowcoder.util.JedisAdapter           : 发生异常Could not get a resource from the pool
2020-10-14 23:14:36.643  INFO 38672 --- [           main] com.nowcoder.InitDatabaseTests           : Started InitDatabaseTests in 13.784 seconds (JVM running for 17.461)
2020-10-14 23:14:37.475  INFO 38672 --- [           main] o.s.jdbc.datasource.init.ScriptUtils     : Executing SQL script from class path resource [init-schema.sql]
2020-10-14 23:14:37.737  INFO 38672 --- [           main] o.s.jdbc.datasource.init.ScriptUtils     : Executed SQL script from class path resource [init-schema.sql] in 262 ms.
]]></system-out>
    <system-err><![CDATA[Exception in thread "Thread-2" java.lang.NullPointerException
	at com.nowcoder.async.EventConsumer$1.run(EventConsumer.java:55)
	at java.lang.Thread.run(Thread.java:745)
]]></system-err>
  </testcase>
  <testcase name="testSensitive" classname="com.nowcoder.InitDatabaseTests" time="1.107"/>
</testsuite>